Performing C SOURCE FILE Test CMAKE_HAVE_LIBC_PTHREAD failed with the following output:
Change Dir: /home/ivan/uni/AIRO2ndyear/GRAPHICS/final/04_finalproject/out/build/vscode/x64-Release/CMakeFiles/CMakeTmp

Run Build Command(s):/usr/bin/ninja cmTC_42060 && [1/2] Building C object CMakeFiles/cmTC_42060.dir/src.c.o
[2/2] Linking C executable cmTC_42060
FAILED: cmTC_42060 
: && /usr/bin/gcc-7 -DCMAKE_HAVE_LIBC_PTHREAD   CMakeFiles/cmTC_42060.dir/src.c.o  -o cmTC_42060   && :
CMakeFiles/cmTC_42060.dir/src.c.o: In function `main':
src.c:(.text+0x3e): undefined reference to `pthread_create'
src.c:(.text+0x4a): undefined reference to `pthread_detach'
src.c:(.text+0x5b): undefined reference to `pthread_join'
src.c:(.text+0x6f): undefined reference to `pthread_atfork'
collect2: error: ld returned 1 exit status
ninja: build stopped: subcommand failed.


Source file was:
#include <pthread.h>

void* test_func(void* data)
{
  return data;
}

int main(void)
{
  pthread_t thread;
  pthread_create(&thread, NULL, test_func, NULL);
  pthread_detach(thread);
  pthread_join(thread, NULL);
  pthread_atfork(NULL, NULL, NULL);
  pthread_exit(NULL);

  return 0;
}

Determining if the function pthread_create exists in the pthreads failed with the following output:
Change Dir: /home/ivan/uni/AIRO2ndyear/GRAPHICS/final/04_finalproject/out/build/vscode/x64-Release/CMakeFiles/CMakeTmp

Run Build Command(s):/usr/bin/ninja cmTC_9e381 && [1/2] Building C object CMakeFiles/cmTC_9e381.dir/CheckFunctionExists.c.o
[2/2] Linking C executable cmTC_9e381
FAILED: cmTC_9e381 
: && /usr/bin/gcc-7 -DCHECK_FUNCTION_EXISTS=pthread_create   CMakeFiles/cmTC_9e381.dir/CheckFunctionExists.c.o  -o cmTC_9e381  -lpthreads && :
/usr/bin/ld: cannot find -lpthreads
collect2: error: ld returned 1 exit status
ninja: build stopped: subcommand failed.



